<?xml version="1.0" encoding="UTF-8"?>
<!-- Generated by org.testng.reporters.JUnitReportReporter -->
<testsuite hostname="Olly" name="com.example.tests.ContactRemovalTests" tests="1" failures="0" timestamp="22 Jul 2015 01:10:34 GMT" time="1.611" errors="0">
  <testcase name="deleteSomeContact" time="1.611" classname="com.example.tests.ContactRemovalTests"/>
</testsuite> <!-- com.example.tests.ContactRemovalTests -->
