<?xml version="1.0" encoding="UTF-8"?>
<!-- Generated by org.testng.reporters.JUnitReportReporter -->
<testsuite hostname="Olly" name="com.example.tests.GroupModificationTests" tests="1" failures="0" timestamp="4 Jul 2015 20:45:21 GMT" time="1.382" errors="0">
  <testcase name="modifySomeGroup" time="1.382" classname="com.example.tests.GroupModificationTests"/>
</testsuite> <!-- com.example.tests.GroupModificationTests -->
