<?xml version="1.0" encoding="UTF-8"?>
<!-- Generated by org.testng.reporters.JUnitReportReporter -->
<testsuite hostname="Olly" name="com.example.tests.AlsoUserGroupCreating" tests="2" failures="0" timestamp="5 Jul 2015 21:05:35 GMT" time="2.577" errors="0">
  <testcase name="emptyUserGroupCreation" time="1.471" classname="com.example.tests.AlsoUserGroupCreating"/>
  <testcase name="nonEmptyUserGroupCreation" time="1.106" classname="com.example.tests.AlsoUserGroupCreating"/>
</testsuite> <!-- com.example.tests.AlsoUserGroupCreating -->
