<?xml version="1.0" encoding="UTF-8"?>
<!-- Generated by org.testng.reporters.JUnitReportReporter -->
<testsuite hostname="Olly" name="com.example.tests.ContactCreation" tests="5" failures="0" timestamp="22 Jul 2015 01:06:18 GMT" time="15.057" errors="0">
  <testcase name="testContactCreationWithValidData" time="3.065" classname="com.example.tests.ContactCreation"/>
  <testcase name="testContactCreationWithValidData" time="3.290" classname="com.example.tests.ContactCreation"/>
  <testcase name="testContactCreationWithValidData" time="2.971" classname="com.example.tests.ContactCreation"/>
  <testcase name="testContactCreationWithValidData" time="2.997" classname="com.example.tests.ContactCreation"/>
  <testcase name="testContactCreationWithValidData" time="2.734" classname="com.example.tests.ContactCreation"/>
</testsuite> <!-- com.example.tests.ContactCreation -->
