<?xml version="1.0" encoding="UTF-8"?>
<!-- Generated by org.testng.reporters.JUnitReportReporter -->
<testsuite hostname="Olly" name="com.example.tests.ContactCreation" tests="2" failures="0" timestamp="29 Jun 2015 20:36:53 GMT" time="4.318" errors="0">
  <testcase name="nonEmptyContactCreation" time="2.402" classname="com.example.tests.ContactCreation"/>
  <testcase name="emptyContactCreation" time="1.916" classname="com.example.tests.ContactCreation"/>
</testsuite> <!-- com.example.tests.ContactCreation -->
