<?xml version="1.0" encoding="UTF-8"?>
<!-- Generated by org.testng.reporters.JUnitReportReporter -->
<testsuite hostname="Olly" name="com.example.tests.ContactCreation" tests="2" failures="0" timestamp="21 Jul 2015 23:45:08 GMT" time="4.425" errors="0">
  <testcase name="emptyContactCreation" time="2.131" classname="com.example.tests.ContactCreation"/>
  <testcase name="nonEmptyContactCreation" time="2.294" classname="com.example.tests.ContactCreation"/>
</testsuite> <!-- com.example.tests.ContactCreation -->
