<?xml version="1.0" encoding="UTF-8"?>
<!-- Generated by org.testng.reporters.JUnitReportReporter -->
<testsuite hostname="Olly" name="com.example.tests.GroupModificationTests" tests="5" failures="0" timestamp="21 Jul 2015 23:51:46 GMT" time="9.774" errors="0">
  <testcase name="modifySomeGroup" time="1.880" classname="com.example.tests.GroupModificationTests"/>
  <testcase name="modifySomeGroup" time="1.996" classname="com.example.tests.GroupModificationTests"/>
  <testcase name="modifySomeGroup" time="2.027" classname="com.example.tests.GroupModificationTests"/>
  <testcase name="modifySomeGroup" time="1.855" classname="com.example.tests.GroupModificationTests"/>
  <testcase name="modifySomeGroup" time="2.016" classname="com.example.tests.GroupModificationTests"/>
</testsuite> <!-- com.example.tests.GroupModificationTests -->
