<?xml version="1.0" encoding="UTF-8"?>
<!-- Generated by org.testng.reporters.JUnitReportReporter -->
<testsuite hostname="Olly" name="com.example.tests.UserGroupCreating" tests="2" failures="0" timestamp="5 Jul 2015 21:05:35 GMT" time="2.674" errors="0">
  <testcase name="nonEmptyUserGroupCreation" time="1.259" classname="com.example.tests.UserGroupCreating"/>
  <testcase name="emptyUserGroupCreation" time="1.415" classname="com.example.tests.UserGroupCreating"/>
</testsuite> <!-- com.example.tests.UserGroupCreating -->
