<?xml version="1.0" encoding="UTF-8"?>
<!-- Generated by org.testng.reporters.JUnitReportReporter -->
<testsuite hostname="Olly" name="com.example.tests.ContactRemovalTests" tests="1" failures="0" timestamp="21 Jul 2015 23:49:57 GMT" time="1.146" errors="0">
  <testcase name="deleteSomeContact" time="1.146" classname="com.example.tests.ContactRemovalTests"/>
</testsuite> <!-- com.example.tests.ContactRemovalTests -->
