<?xml version="1.0" encoding="UTF-8"?>
<!-- Generated by org.testng.reporters.JUnitReportReporter -->
<testsuite hostname="Olly" name="com.example.tests.GroupModificationTests" tests="1" failures="0" timestamp="5 Jul 2015 21:05:35 GMT" time="1.069" errors="0">
  <testcase name="modifySomeGroup" time="1.069" classname="com.example.tests.GroupModificationTests"/>
</testsuite> <!-- com.example.tests.GroupModificationTests -->
