<?xml version="1.0" encoding="UTF-8"?>
<!-- Generated by org.testng.reporters.JUnitReportReporter -->
<testsuite hostname="Olly" name="com.example.tests.UserGroupCreating" tests="2" failures="0" timestamp="28 Jun 2015 00:39:20 GMT" time="2.381" errors="0">
  <testcase name="nonEmptyUserGroupCreation" time="1.235" classname="com.example.tests.UserGroupCreating"/>
  <testcase name="emptyUserGroupCreation" time="1.146" classname="com.example.tests.UserGroupCreating"/>
</testsuite> <!-- com.example.tests.UserGroupCreating -->
