<?xml version="1.0" encoding="UTF-8"?>
<!-- Generated by org.testng.reporters.JUnitReportReporter -->
<testsuite hostname="Olly" name="com.example.tests.GroupRemovalTests" tests="1" failures="0" timestamp="21 Jul 2015 21:19:39 GMT" time="1.630" errors="0">
  <testcase name="deleteSomeGroup" time="1.630" classname="com.example.tests.GroupRemovalTests"/>
</testsuite> <!-- com.example.tests.GroupRemovalTests -->
