<?xml version="1.0" encoding="UTF-8"?>
<!-- Generated by org.testng.reporters.JUnitReportReporter -->
<testsuite hostname="Olly" name="com.example.tests.ContactRemovalTests" tests="1" failures="0" timestamp="5 Jul 2015 21:05:35 GMT" time="0.659" errors="0">
  <testcase name="deleteSomeContact" time="0.659" classname="com.example.tests.ContactRemovalTests"/>
</testsuite> <!-- com.example.tests.ContactRemovalTests -->
