<?xml version="1.0" encoding="UTF-8"?>
<!-- Generated by org.testng.reporters.JUnitReportReporter -->
<testsuite hostname="Olly" name="com.example.tests.GroupRemovalTests" tests="1" failures="0" timestamp="4 Jul 2015 20:20:02 GMT" time="0.886" errors="0">
  <testcase name="deleteSomeGroup" time="0.886" classname="com.example.tests.GroupRemovalTests"/>
</testsuite> <!-- com.example.tests.GroupRemovalTests -->
