<?xml version="1.0" encoding="UTF-8"?>
<!-- Generated by org.testng.reporters.JUnitReportReporter -->
<testsuite hostname="Olly" name="com.example.tests.ContactModificationTests" tests="1" failures="0" timestamp="5 Jul 2015 21:05:35 GMT" time="1.083" errors="0">
  <testcase name="modifySomeContact" time="1.083" classname="com.example.tests.ContactModificationTests"/>
</testsuite> <!-- com.example.tests.ContactModificationTests -->
