<?xml version="1.0" encoding="UTF-8"?>
<!-- Generated by org.testng.reporters.JUnitReportReporter -->
<testsuite hostname="Olly" name="com.example.tests.ContactCreation" tests="2" failures="0" timestamp="5 Jul 2015 21:05:35 GMT" time="4.052" errors="0">
  <testcase name="emptyContactCreation" time="1.959" classname="com.example.tests.ContactCreation"/>
  <testcase name="nonEmptyContactCreation" time="2.093" classname="com.example.tests.ContactCreation"/>
</testsuite> <!-- com.example.tests.ContactCreation -->
