<?xml version="1.0" encoding="UTF-8"?>
<!-- Generated by org.testng.reporters.JUnitReportReporter -->
<testsuite hostname="Olly" name="com.example.tests.UserGroupCreating" tests="2" failures="0" timestamp="21 Jul 2015 20:30:39 GMT" time="3.659" errors="0">
  <testcase name="emptyUserGroupCreation" time="1.864" classname="com.example.tests.UserGroupCreating"/>
  <testcase name="nonEmptyUserGroupCreation" time="1.795" classname="com.example.tests.UserGroupCreating"/>
</testsuite> <!-- com.example.tests.UserGroupCreating -->
