<?xml version="1.0" encoding="UTF-8"?>
<!-- Generated by org.testng.reporters.JUnitReportReporter -->
<testsuite hostname="Olly" name="com.example.tests.AlsoUserGroupCreating" tests="2" failures="0" timestamp="28 Jun 2015 00:39:20 GMT" time="2.205" errors="0">
  <testcase name="emptyUserGroupCreation" time="1.106" classname="com.example.tests.AlsoUserGroupCreating"/>
  <testcase name="nonEmptyUserGroupCreation" time="1.099" classname="com.example.tests.AlsoUserGroupCreating"/>
</testsuite> <!-- com.example.tests.AlsoUserGroupCreating -->
