<?xml version="1.0" encoding="UTF-8"?>
<!-- Generated by org.testng.reporters.JUnitReportReporter -->
<testsuite hostname="Olly" name="com.example.tests.UserGroupCreating" tests="2" failures="0" timestamp="4 Jul 2015 18:30:32 GMT" time="2.957" errors="0">
  <testcase name="nonEmptyUserGroupCreation" time="1.130" classname="com.example.tests.UserGroupCreating"/>
  <testcase name="emptyUserGroupCreation" time="1.827" classname="com.example.tests.UserGroupCreating"/>
</testsuite> <!-- com.example.tests.UserGroupCreating -->
