<?xml version="1.0" encoding="UTF-8"?>
<!-- Generated by org.testng.reporters.JUnitReportReporter -->
<testsuite hostname="Olly" name="com.example.tests.UserGroupCreating" tests="5" failures="0" timestamp="21 Jul 2015 21:12:39 GMT" time="9.688" errors="0">
  <testcase name="UserGroupCreationWithValidData" time="2.103" classname="com.example.tests.UserGroupCreating"/>
  <testcase name="UserGroupCreationWithValidData" time="1.955" classname="com.example.tests.UserGroupCreating"/>
  <testcase name="UserGroupCreationWithValidData" time="1.741" classname="com.example.tests.UserGroupCreating"/>
  <testcase name="UserGroupCreationWithValidData" time="2.051" classname="com.example.tests.UserGroupCreating"/>
  <testcase name="UserGroupCreationWithValidData" time="1.838" classname="com.example.tests.UserGroupCreating"/>
</testsuite> <!-- com.example.tests.UserGroupCreating -->
