<?xml version="1.0" encoding="UTF-8"?>
<!-- Generated by org.testng.reporters.JUnitReportReporter -->
<testsuite hostname="Olly" name="com.example.tests.UserGroupCreating" tests="2" failures="0" timestamp="29 Jun 2015 20:36:53 GMT" time="2.278" errors="0">
  <testcase name="nonEmptyUserGroupCreation" time="1.126" classname="com.example.tests.UserGroupCreating"/>
  <testcase name="emptyUserGroupCreation" time="1.152" classname="com.example.tests.UserGroupCreating"/>
</testsuite> <!-- com.example.tests.UserGroupCreating -->
