<?xml version="1.0" encoding="UTF-8"?>
<!-- Generated by org.testng.reporters.JUnitReportReporter -->
<testsuite hostname="Olly" name="com.example.tests.AlsoUserGroupCreating" tests="2" failures="0" timestamp="29 Jun 2015 20:36:53 GMT" time="2.064" errors="0">
  <testcase name="emptyUserGroupCreation" time="1.009" classname="com.example.tests.AlsoUserGroupCreating"/>
  <testcase name="nonEmptyUserGroupCreation" time="1.055" classname="com.example.tests.AlsoUserGroupCreating"/>
</testsuite> <!-- com.example.tests.AlsoUserGroupCreating -->
