<?xml version="1.0" encoding="UTF-8"?>
<!-- Generated by org.testng.reporters.JUnitReportReporter -->
<testsuite hostname="Olly" name="com.example.tests.ContactModificationTests" tests="5" failures="0" timestamp="22 Jul 2015 01:13:07 GMT" time="14.313" errors="0">
  <testcase name="modifySomeContact" time="2.985" classname="com.example.tests.ContactModificationTests"/>
  <testcase name="modifySomeContact" time="3.246" classname="com.example.tests.ContactModificationTests"/>
  <testcase name="modifySomeContact" time="2.737" classname="com.example.tests.ContactModificationTests"/>
  <testcase name="modifySomeContact" time="2.627" classname="com.example.tests.ContactModificationTests"/>
  <testcase name="modifySomeContact" time="2.718" classname="com.example.tests.ContactModificationTests"/>
</testsuite> <!-- com.example.tests.ContactModificationTests -->
